[32m[Pascal][0m Running with ['cores', 'input', 'repetitions']
[32m[Pascal][0m Cores: 128 Input: 0 
[32m[Pascal][0m Total time 0.9697005748748779
[32m[Pascal][0m Cores: 128 Input: 1 
[32m[Pascal][0m Total time 0.31360697746276855
[32m[Pascal][0m Cores: 128 Input: 2 
[32m[Pascal][0m Total time 0.32549357414245605
[32m[Pascal][0m Cores: 128 Input: 3 
[32m[Pascal][0m Total time 0.3012876510620117
[32m[Pascal][0m Cores: 128 Input: 4 
[32m[Pascal][0m Total time 0.32877588272094727
[32m[Pascal][0m Cores: 128 Input: 5 
[32m[Pascal][0m Total time 0.2891523838043213
[32m[Pascal][0m Cores: 128 Input: 6 
[32m[Pascal][0m Total time 0.3130059242248535
[32m[Pascal][0m Cores: 128 Input: 7 
[32m[Pascal][0m Total time 0.287402868270874
[32m[Pascal][0m Cores: 64 Input: 0 
[32m[Pascal][0m Total time 0.3015925884246826
[32m[Pascal][0m Cores: 64 Input: 1 
[32m[Pascal][0m Total time 0.28855443000793457
[32m[Pascal][0m Cores: 64 Input: 2 
[32m[Pascal][0m Total time 0.28877925872802734
[32m[Pascal][0m Cores: 64 Input: 3 
[32m[Pascal][0m Total time 0.3127567768096924
[32m[Pascal][0m Cores: 64 Input: 4 
[32m[Pascal][0m Total time 0.2874627113342285
[32m[Pascal][0m Cores: 64 Input: 5 
[32m[Pascal][0m Total time 0.2990097999572754
[32m[Pascal][0m Cores: 64 Input: 6 
[32m[Pascal][0m Total time 0.3137063980102539
[32m[Pascal][0m Cores: 64 Input: 7 
[32m[Pascal][0m Total time 0.28988075256347656
[32m[Pascal][0m Cores: 32 Input: 0 
[32m[Pascal][0m Total time 0.2861969470977783
[32m[Pascal][0m Cores: 32 Input: 1 
[32m[Pascal][0m Total time 0.3261563777923584
[32m[Pascal][0m Cores: 32 Input: 2 
[32m[Pascal][0m Total time 0.3001880645751953
[32m[Pascal][0m Cores: 32 Input: 3 
[32m[Pascal][0m Total time 0.2871990203857422
[32m[Pascal][0m Cores: 32 Input: 4 
[32m[Pascal][0m Total time 0.28857946395874023
[32m[Pascal][0m Cores: 32 Input: 5 
[32m[Pascal][0m Total time 0.2875485420227051
[32m[Pascal][0m Cores: 32 Input: 6 
[32m[Pascal][0m Total time 0.3001711368560791
[32m[Pascal][0m Cores: 32 Input: 7 
[32m[Pascal][0m Total time 0.3047518730163574
[32m[Pascal][0m Cores: 16 Input: 0 
[32m[Pascal][0m Total time 0.3148314952850342
[32m[Pascal][0m Cores: 16 Input: 1 
[32m[Pascal][0m Total time 0.29969024658203125
[32m[Pascal][0m Cores: 16 Input: 2 
[32m[Pascal][0m Total time 0.30031609535217285
[32m[Pascal][0m Cores: 16 Input: 3 
[32m[Pascal][0m Total time 0.29880690574645996
[32m[Pascal][0m Cores: 16 Input: 4 
[32m[Pascal][0m Total time 0.3103642463684082
[32m[Pascal][0m Cores: 16 Input: 5 
[32m[Pascal][0m Total time 0.2994534969329834
[32m[Pascal][0m Cores: 16 Input: 6 
[32m[Pascal][0m Total time 0.3120098114013672
[32m[Pascal][0m Cores: 16 Input: 7 
[32m[Pascal][0m Total time 0.2870924472808838
[32m[Pascal][0m Cores: 8 Input: 0 
[32m[Pascal][0m Total time 0.28705286979675293
[32m[Pascal][0m Cores: 8 Input: 1 
[32m[Pascal][0m Total time 0.3024148941040039
[32m[Pascal][0m Cores: 8 Input: 2 
[32m[Pascal][0m Total time 0.2915189266204834
[32m[Pascal][0m Cores: 8 Input: 3 
[32m[Pascal][0m Total time 0.28861260414123535
[32m[Pascal][0m Cores: 8 Input: 4 
[32m[Pascal][0m Total time 0.31023240089416504
[32m[Pascal][0m Cores: 8 Input: 5 
[32m[Pascal][0m Total time 0.29999613761901855
[32m[Pascal][0m Cores: 8 Input: 6 
[32m[Pascal][0m Total time 0.2883572578430176
[32m[Pascal][0m Cores: 8 Input: 7 
[32m[Pascal][0m Total time 0.325986385345459
[32m[Pascal][0m Cores: 4 Input: 0 
[32m[Pascal][0m Total time 0.28935813903808594
[32m[Pascal][0m Cores: 4 Input: 1 
[32m[Pascal][0m Total time 0.2871100902557373
[32m[Pascal][0m Cores: 4 Input: 2 
[32m[Pascal][0m Total time 0.31418418884277344
[32m[Pascal][0m Cores: 4 Input: 3 
[32m[Pascal][0m Total time 0.28903722763061523
[32m[Pascal][0m Cores: 4 Input: 4 
[32m[Pascal][0m Total time 0.28842592239379883
[32m[Pascal][0m Cores: 4 Input: 5 
[32m[Pascal][0m Total time 0.3002023696899414
[32m[Pascal][0m Cores: 4 Input: 6 
[32m[Pascal][0m Total time 0.3020436763763428
[32m[Pascal][0m Cores: 4 Input: 7 
[32m[Pascal][0m Total time 0.2989389896392822
[32m[Pascal][0m Cores: 2 Input: 0 
[32m[Pascal][0m Total time 0.28917598724365234
[32m[Pascal][0m Cores: 2 Input: 1 
[32m[Pascal][0m Total time 0.5700938701629639
[32m[Pascal][0m Cores: 2 Input: 2 
[32m[Pascal][0m Total time 0.3013162612915039
[32m[Pascal][0m Cores: 2 Input: 3 
[32m[Pascal][0m Total time 0.30150771141052246
[32m[Pascal][0m Cores: 2 Input: 4 
[32m[Pascal][0m Total time 0.28977346420288086
[32m[Pascal][0m Cores: 2 Input: 5 
[32m[Pascal][0m Total time 0.28823161125183105
[32m[Pascal][0m Cores: 2 Input: 6 
[32m[Pascal][0m Total time 0.31310343742370605
[32m[Pascal][0m Cores: 2 Input: 7 
[32m[Pascal][0m Total time 0.3004271984100342
[32m[Pascal][0m Cores: 1 Input: 0 
[32m[Pascal][0m Total time 0.28752827644348145
[32m[Pascal][0m Cores: 1 Input: 1 
[32m[Pascal][0m Total time 0.28946614265441895
[32m[Pascal][0m Cores: 1 Input: 2 
[32m[Pascal][0m Total time 0.29990625381469727
[32m[Pascal][0m Cores: 1 Input: 3 
[32m[Pascal][0m Total time 0.28856825828552246
[32m[Pascal][0m Cores: 1 Input: 4 
[32m[Pascal][0m Total time 0.30870604515075684
[32m[Pascal][0m Cores: 1 Input: 5 
[32m[Pascal][0m Total time 0.317354679107666
[32m[Pascal][0m Cores: 1 Input: 6 
[32m[Pascal][0m Total time 0.3014490604400635
[32m[Pascal][0m Cores: 1 Input: 7 
[32m[Pascal][0m Total time 0.30147814750671387
[32m[Pascal][0m ***** Done! *****
[32m[Pascal][0m Saving data
