[32m[Pascal][0m Running with ['cores', 'input', 'repetitions']
[32m[Pascal][0m Cores: 128 Input: 0 
[32m[Pascal][0m Total time 0.0052492618560791016
[32m[Pascal][0m Cores: 128 Input: 1 
[32m[Pascal][0m Total time 0.003211498260498047
[32m[Pascal][0m Cores: 128 Input: 2 
[32m[Pascal][0m Total time 0.0028421878814697266
[32m[Pascal][0m Cores: 128 Input: 3 
[32m[Pascal][0m Total time 0.002930164337158203
[32m[Pascal][0m Cores: 128 Input: 4 
[32m[Pascal][0m Total time 0.003030538558959961
[32m[Pascal][0m Cores: 128 Input: 5 
[32m[Pascal][0m Total time 0.00290679931640625
[32m[Pascal][0m Cores: 128 Input: 6 
[32m[Pascal][0m Total time 0.002732515335083008
[32m[Pascal][0m Cores: 128 Input: 7 
[32m[Pascal][0m Total time 0.0026521682739257812
[32m[Pascal][0m Cores: 64 Input: 0 
[32m[Pascal][0m Total time 0.004868268966674805
[32m[Pascal][0m Cores: 64 Input: 1 
[32m[Pascal][0m Total time 0.0027070045471191406
[32m[Pascal][0m Cores: 64 Input: 2 
[32m[Pascal][0m Total time 0.0026569366455078125
[32m[Pascal][0m Cores: 64 Input: 3 
[32m[Pascal][0m Total time 0.002630472183227539
[32m[Pascal][0m Cores: 64 Input: 4 
[32m[Pascal][0m Total time 0.002825021743774414
[32m[Pascal][0m Cores: 64 Input: 5 
[32m[Pascal][0m Total time 0.0029642581939697266
[32m[Pascal][0m Cores: 64 Input: 6 
[32m[Pascal][0m Total time 0.002775907516479492
[32m[Pascal][0m Cores: 64 Input: 7 
[32m[Pascal][0m Total time 0.0028448104858398438
[32m[Pascal][0m Cores: 32 Input: 0 
[32m[Pascal][0m Total time 0.002767801284790039
[32m[Pascal][0m Cores: 32 Input: 1 
[32m[Pascal][0m Total time 0.0028886795043945312
[32m[Pascal][0m Cores: 32 Input: 2 
[32m[Pascal][0m Total time 0.0026743412017822266
[32m[Pascal][0m Cores: 32 Input: 3 
[32m[Pascal][0m Total time 0.002682924270629883
[32m[Pascal][0m Cores: 32 Input: 4 
[32m[Pascal][0m Total time 0.0027565956115722656
[32m[Pascal][0m Cores: 32 Input: 5 
[32m[Pascal][0m Total time 0.002629518508911133
[32m[Pascal][0m Cores: 32 Input: 6 
[32m[Pascal][0m Total time 0.0026574134826660156
[32m[Pascal][0m Cores: 32 Input: 7 
[32m[Pascal][0m Total time 0.002724170684814453
[32m[Pascal][0m Cores: 16 Input: 0 
[32m[Pascal][0m Total time 0.0026655197143554688
[32m[Pascal][0m Cores: 16 Input: 1 
[32m[Pascal][0m Total time 0.002650022506713867
[32m[Pascal][0m Cores: 16 Input: 2 
[32m[Pascal][0m Total time 0.002625703811645508
[32m[Pascal][0m Cores: 16 Input: 3 
[32m[Pascal][0m Total time 0.002667665481567383
[32m[Pascal][0m Cores: 16 Input: 4 
[32m[Pascal][0m Total time 0.0027158260345458984
[32m[Pascal][0m Cores: 16 Input: 5 
[32m[Pascal][0m Total time 0.002790212631225586
[32m[Pascal][0m Cores: 16 Input: 6 
[32m[Pascal][0m Total time 0.0026276111602783203
[32m[Pascal][0m Cores: 16 Input: 7 
[32m[Pascal][0m Total time 0.002638578414916992
[32m[Pascal][0m Cores: 8 Input: 0 
[32m[Pascal][0m Total time 0.002580404281616211
[32m[Pascal][0m Cores: 8 Input: 1 
[32m[Pascal][0m Total time 0.0025930404663085938
[32m[Pascal][0m Cores: 8 Input: 2 
[32m[Pascal][0m Total time 0.0026786327362060547
[32m[Pascal][0m Cores: 8 Input: 3 
[32m[Pascal][0m Total time 0.002567291259765625
[32m[Pascal][0m Cores: 8 Input: 4 
[32m[Pascal][0m Total time 0.002684354782104492
[32m[Pascal][0m Cores: 8 Input: 5 
[32m[Pascal][0m Total time 0.002691030502319336
[32m[Pascal][0m Cores: 8 Input: 6 
[32m[Pascal][0m Total time 0.0028350353240966797
[32m[Pascal][0m Cores: 8 Input: 7 
[32m[Pascal][0m Total time 0.0026357173919677734
[32m[Pascal][0m Cores: 4 Input: 0 
[32m[Pascal][0m Total time 0.0028142929077148438
[32m[Pascal][0m Cores: 4 Input: 1 
[32m[Pascal][0m Total time 0.002686023712158203
[32m[Pascal][0m Cores: 4 Input: 2 
[32m[Pascal][0m Total time 0.002741098403930664
[32m[Pascal][0m Cores: 4 Input: 3 
[32m[Pascal][0m Total time 0.0027217864990234375
[32m[Pascal][0m Cores: 4 Input: 4 
[32m[Pascal][0m Total time 0.0027151107788085938
[32m[Pascal][0m Cores: 4 Input: 5 
[32m[Pascal][0m Total time 0.0027382373809814453
[32m[Pascal][0m Cores: 4 Input: 6 
[32m[Pascal][0m Total time 0.002889871597290039
[32m[Pascal][0m Cores: 4 Input: 7 
[32m[Pascal][0m Total time 0.002608776092529297
[32m[Pascal][0m Cores: 2 Input: 0 
[32m[Pascal][0m Total time 0.0027375221252441406
[32m[Pascal][0m Cores: 2 Input: 1 
[32m[Pascal][0m Total time 0.0031599998474121094
[32m[Pascal][0m Cores: 2 Input: 2 
[32m[Pascal][0m Total time 0.0026841163635253906
[32m[Pascal][0m Cores: 2 Input: 3 
[32m[Pascal][0m Total time 0.0026705265045166016
[32m[Pascal][0m Cores: 2 Input: 4 
[32m[Pascal][0m Total time 0.0027267932891845703
[32m[Pascal][0m Cores: 2 Input: 5 
[32m[Pascal][0m Total time 0.002696990966796875
[32m[Pascal][0m Cores: 2 Input: 6 
[32m[Pascal][0m Total time 0.002653360366821289
[32m[Pascal][0m Cores: 2 Input: 7 
[32m[Pascal][0m Total time 0.0026292800903320312
[32m[Pascal][0m Cores: 1 Input: 0 
[32m[Pascal][0m Total time 0.002827167510986328
[32m[Pascal][0m Cores: 1 Input: 1 
[32m[Pascal][0m Total time 0.0027687549591064453
[32m[Pascal][0m Cores: 1 Input: 2 
[32m[Pascal][0m Total time 0.0028700828552246094
[32m[Pascal][0m Cores: 1 Input: 3 
[32m[Pascal][0m Total time 0.0026755332946777344
[32m[Pascal][0m Cores: 1 Input: 4 
[32m[Pascal][0m Total time 0.0028717517852783203
[32m[Pascal][0m Cores: 1 Input: 5 
[32m[Pascal][0m Total time 0.002702951431274414
[32m[Pascal][0m Cores: 1 Input: 6 
[32m[Pascal][0m Total time 0.002843141555786133
[32m[Pascal][0m Cores: 1 Input: 7 
[32m[Pascal][0m Total time 0.0026693344116210938
[32m[Pascal][0m ***** Done! *****
[32m[Pascal][0m Saving data
