[32m[Pascal][0m Running with ['cores', 'input', 'repetitions']
[32m[Pascal][0m Cores: 128 Input: 0 
[32m[Pascal][0m Total time 0.007400989532470703
[32m[Pascal][0m Cores: 128 Input: 1 
[32m[Pascal][0m Total time 0.0036263465881347656
[32m[Pascal][0m Cores: 128 Input: 2 
[32m[Pascal][0m Total time 0.0030994415283203125
[32m[Pascal][0m Cores: 128 Input: 3 
[32m[Pascal][0m Total time 0.0029320716857910156
[32m[Pascal][0m Cores: 128 Input: 4 
[32m[Pascal][0m Total time 0.0029249191284179688
[32m[Pascal][0m Cores: 128 Input: 5 
[32m[Pascal][0m Total time 0.002832174301147461
[32m[Pascal][0m Cores: 128 Input: 6 
[32m[Pascal][0m Total time 0.002932310104370117
[32m[Pascal][0m Cores: 128 Input: 7 
[32m[Pascal][0m Total time 0.0027959346771240234
[32m[Pascal][0m Cores: 64 Input: 0 
[32m[Pascal][0m Total time 0.002832651138305664
[32m[Pascal][0m Cores: 64 Input: 1 
[32m[Pascal][0m Total time 0.002760171890258789
[32m[Pascal][0m Cores: 64 Input: 2 
[32m[Pascal][0m Total time 0.002740144729614258
[32m[Pascal][0m Cores: 64 Input: 3 
[32m[Pascal][0m Total time 0.002725839614868164
[32m[Pascal][0m Cores: 64 Input: 4 
[32m[Pascal][0m Total time 0.0028035640716552734
[32m[Pascal][0m Cores: 64 Input: 5 
[32m[Pascal][0m Total time 0.002859354019165039
[32m[Pascal][0m Cores: 64 Input: 6 
[32m[Pascal][0m Total time 0.002758502960205078
[32m[Pascal][0m Cores: 64 Input: 7 
[32m[Pascal][0m Total time 0.0029022693634033203
[32m[Pascal][0m Cores: 32 Input: 0 
[32m[Pascal][0m Total time 0.002895355224609375
[32m[Pascal][0m Cores: 32 Input: 1 
[32m[Pascal][0m Total time 0.002863645553588867
[32m[Pascal][0m Cores: 32 Input: 2 
[32m[Pascal][0m Total time 0.0028753280639648438
[32m[Pascal][0m Cores: 32 Input: 3 
[32m[Pascal][0m Total time 0.0028107166290283203
[32m[Pascal][0m Cores: 32 Input: 4 
[32m[Pascal][0m Total time 0.002880573272705078
[32m[Pascal][0m Cores: 32 Input: 5 
[32m[Pascal][0m Total time 0.002873659133911133
[32m[Pascal][0m Cores: 32 Input: 6 
[32m[Pascal][0m Total time 0.002832651138305664
[32m[Pascal][0m Cores: 32 Input: 7 
[32m[Pascal][0m Total time 0.002772092819213867
[32m[Pascal][0m Cores: 16 Input: 0 
[32m[Pascal][0m Total time 0.00307464599609375
[32m[Pascal][0m Cores: 16 Input: 1 
[32m[Pascal][0m Total time 0.002874135971069336
[32m[Pascal][0m Cores: 16 Input: 2 
[32m[Pascal][0m Total time 0.002824544906616211
[32m[Pascal][0m Cores: 16 Input: 3 
[32m[Pascal][0m Total time 0.0027894973754882812
[32m[Pascal][0m Cores: 16 Input: 4 
[32m[Pascal][0m Total time 0.002774477005004883
[32m[Pascal][0m Cores: 16 Input: 5 
[32m[Pascal][0m Total time 0.002797365188598633
[32m[Pascal][0m Cores: 16 Input: 6 
[32m[Pascal][0m Total time 0.002772092819213867
[32m[Pascal][0m Cores: 16 Input: 7 
[32m[Pascal][0m Total time 0.002772808074951172
[32m[Pascal][0m Cores: 8 Input: 0 
[32m[Pascal][0m Total time 0.0027780532836914062
[32m[Pascal][0m Cores: 8 Input: 1 
[32m[Pascal][0m Total time 0.0027489662170410156
[32m[Pascal][0m Cores: 8 Input: 2 
[32m[Pascal][0m Total time 0.002850770950317383
[32m[Pascal][0m Cores: 8 Input: 3 
[32m[Pascal][0m Total time 0.0027360916137695312
[32m[Pascal][0m Cores: 8 Input: 4 
[32m[Pascal][0m Total time 0.002838134765625
[32m[Pascal][0m Cores: 8 Input: 5 
[32m[Pascal][0m Total time 0.0028460025787353516
[32m[Pascal][0m Cores: 8 Input: 6 
[32m[Pascal][0m Total time 0.002864360809326172
[32m[Pascal][0m Cores: 8 Input: 7 
[32m[Pascal][0m Total time 0.0028259754180908203
[32m[Pascal][0m Cores: 4 Input: 0 
[32m[Pascal][0m Total time 0.0028235912322998047
[32m[Pascal][0m Cores: 4 Input: 1 
[32m[Pascal][0m Total time 0.0027687549591064453
[32m[Pascal][0m Cores: 4 Input: 2 
[32m[Pascal][0m Total time 0.0027532577514648438
[32m[Pascal][0m Cores: 4 Input: 3 
[32m[Pascal][0m Total time 0.002682924270629883
[32m[Pascal][0m Cores: 4 Input: 4 
[32m[Pascal][0m Total time 0.002741575241088867
[32m[Pascal][0m Cores: 4 Input: 5 
[32m[Pascal][0m Total time 0.0024971961975097656
[32m[Pascal][0m Cores: 4 Input: 6 
[32m[Pascal][0m Total time 0.0027968883514404297
[32m[Pascal][0m Cores: 4 Input: 7 
[32m[Pascal][0m Total time 0.0027980804443359375
[32m[Pascal][0m Cores: 2 Input: 0 
[32m[Pascal][0m Total time 0.0027971267700195312
[32m[Pascal][0m Cores: 2 Input: 1 
[32m[Pascal][0m Total time 0.002834796905517578
[32m[Pascal][0m Cores: 2 Input: 2 
[32m[Pascal][0m Total time 0.002789735794067383
[32m[Pascal][0m Cores: 2 Input: 3 
[32m[Pascal][0m Total time 0.002835512161254883
[32m[Pascal][0m Cores: 2 Input: 4 
[32m[Pascal][0m Total time 0.002843618392944336
[32m[Pascal][0m Cores: 2 Input: 5 
[32m[Pascal][0m Total time 0.0027866363525390625
[32m[Pascal][0m Cores: 2 Input: 6 
[32m[Pascal][0m Total time 0.0027523040771484375
[32m[Pascal][0m Cores: 2 Input: 7 
[32m[Pascal][0m Total time 0.0027146339416503906
[32m[Pascal][0m Cores: 1 Input: 0 
[32m[Pascal][0m Total time 0.0027456283569335938
[32m[Pascal][0m Cores: 1 Input: 1 
[32m[Pascal][0m Total time 0.0027904510498046875
[32m[Pascal][0m Cores: 1 Input: 2 
[32m[Pascal][0m Total time 0.0026886463165283203
[32m[Pascal][0m Cores: 1 Input: 3 
[32m[Pascal][0m Total time 0.0028145313262939453
[32m[Pascal][0m Cores: 1 Input: 4 
[32m[Pascal][0m Total time 0.0027544498443603516
[32m[Pascal][0m Cores: 1 Input: 5 
[32m[Pascal][0m Total time 0.0028352737426757812
[32m[Pascal][0m Cores: 1 Input: 6 
[32m[Pascal][0m Total time 0.002792835235595703
[32m[Pascal][0m Cores: 1 Input: 7 
[32m[Pascal][0m Total time 0.002850770950317383
[32m[Pascal][0m ***** Done! *****
[32m[Pascal][0m Saving data
