[32m[Pascal][0m Running with ['cores', 'input', 'repetitions']
[32m[Pascal][0m Cores: 128 Input: 0 
[32m[Pascal][0m Total time 0.004686594009399414
[32m[Pascal][0m Cores: 128 Input: 1 
[32m[Pascal][0m Total time 0.0029757022857666016
[32m[Pascal][0m Cores: 128 Input: 2 
[32m[Pascal][0m Total time 0.0028257369995117188
[32m[Pascal][0m Cores: 128 Input: 3 
[32m[Pascal][0m Total time 0.0026755332946777344
[32m[Pascal][0m Cores: 128 Input: 4 
[32m[Pascal][0m Total time 0.0026862621307373047
[32m[Pascal][0m Cores: 128 Input: 5 
[32m[Pascal][0m Total time 0.0025484561920166016
[32m[Pascal][0m Cores: 128 Input: 6 
[32m[Pascal][0m Total time 0.0029518604278564453
[32m[Pascal][0m Cores: 128 Input: 7 
[32m[Pascal][0m Total time 0.002779722213745117
[32m[Pascal][0m Cores: 64 Input: 0 
[32m[Pascal][0m Total time 0.003266572952270508
[32m[Pascal][0m Cores: 64 Input: 1 
[32m[Pascal][0m Total time 0.002828359603881836
[32m[Pascal][0m Cores: 64 Input: 2 
[32m[Pascal][0m Total time 0.003068685531616211
[32m[Pascal][0m Cores: 64 Input: 3 
[32m[Pascal][0m Total time 0.0026328563690185547
[32m[Pascal][0m Cores: 64 Input: 4 
[32m[Pascal][0m Total time 0.0026793479919433594
[32m[Pascal][0m Cores: 64 Input: 5 
[32m[Pascal][0m Total time 0.002910137176513672
[32m[Pascal][0m Cores: 64 Input: 6 
[32m[Pascal][0m Total time 0.002825498580932617
[32m[Pascal][0m Cores: 64 Input: 7 
[32m[Pascal][0m Total time 0.0025718212127685547
[32m[Pascal][0m Cores: 32 Input: 0 
[32m[Pascal][0m Total time 0.0027191638946533203
[32m[Pascal][0m Cores: 32 Input: 1 
[32m[Pascal][0m Total time 0.002722024917602539
[32m[Pascal][0m Cores: 32 Input: 2 
[32m[Pascal][0m Total time 0.0026578903198242188
[32m[Pascal][0m Cores: 32 Input: 3 
[32m[Pascal][0m Total time 0.002864837646484375
[32m[Pascal][0m Cores: 32 Input: 4 
[32m[Pascal][0m Total time 0.002674579620361328
[32m[Pascal][0m Cores: 32 Input: 5 
[32m[Pascal][0m Total time 0.0026395320892333984
[32m[Pascal][0m Cores: 32 Input: 6 
[32m[Pascal][0m Total time 0.002637147903442383
[32m[Pascal][0m Cores: 32 Input: 7 
[32m[Pascal][0m Total time 0.0027501583099365234
[32m[Pascal][0m Cores: 16 Input: 0 
[32m[Pascal][0m Total time 0.0028219223022460938
[32m[Pascal][0m Cores: 16 Input: 1 
[32m[Pascal][0m Total time 0.0027070045471191406
[32m[Pascal][0m Cores: 16 Input: 2 
[32m[Pascal][0m Total time 0.0029740333557128906
[32m[Pascal][0m Cores: 16 Input: 3 
[32m[Pascal][0m Total time 0.00287628173828125
[32m[Pascal][0m Cores: 16 Input: 4 
[32m[Pascal][0m Total time 0.0028388500213623047
[32m[Pascal][0m Cores: 16 Input: 5 
[32m[Pascal][0m Total time 0.0030705928802490234
[32m[Pascal][0m Cores: 16 Input: 6 
[32m[Pascal][0m Total time 0.002829313278198242
[32m[Pascal][0m Cores: 16 Input: 7 
[32m[Pascal][0m Total time 0.002908468246459961
[32m[Pascal][0m Cores: 8 Input: 0 
[32m[Pascal][0m Total time 0.002735137939453125
[32m[Pascal][0m Cores: 8 Input: 1 
[32m[Pascal][0m Total time 0.002821683883666992
[32m[Pascal][0m Cores: 8 Input: 2 
[32m[Pascal][0m Total time 0.0027284622192382812
[32m[Pascal][0m Cores: 8 Input: 3 
[32m[Pascal][0m Total time 0.0029020309448242188
[32m[Pascal][0m Cores: 8 Input: 4 
[32m[Pascal][0m Total time 0.002678394317626953
[32m[Pascal][0m Cores: 8 Input: 5 
[32m[Pascal][0m Total time 0.0028197765350341797
[32m[Pascal][0m Cores: 8 Input: 6 
[32m[Pascal][0m Total time 0.002824544906616211
[32m[Pascal][0m Cores: 8 Input: 7 
[32m[Pascal][0m Total time 0.0028231143951416016
[32m[Pascal][0m Cores: 4 Input: 0 
[32m[Pascal][0m Total time 0.002806425094604492
[32m[Pascal][0m Cores: 4 Input: 1 
[32m[Pascal][0m Total time 0.0027599334716796875
[32m[Pascal][0m Cores: 4 Input: 2 
[32m[Pascal][0m Total time 0.0028781890869140625
[32m[Pascal][0m Cores: 4 Input: 3 
[32m[Pascal][0m Total time 0.0027055740356445312
[32m[Pascal][0m Cores: 4 Input: 4 
[32m[Pascal][0m Total time 0.0029425621032714844
[32m[Pascal][0m Cores: 4 Input: 5 
[32m[Pascal][0m Total time 0.0028693675994873047
[32m[Pascal][0m Cores: 4 Input: 6 
[32m[Pascal][0m Total time 0.0027348995208740234
[32m[Pascal][0m Cores: 4 Input: 7 
[32m[Pascal][0m Total time 0.002900838851928711
[32m[Pascal][0m Cores: 2 Input: 0 
[32m[Pascal][0m Total time 0.002836465835571289
[32m[Pascal][0m Cores: 2 Input: 1 
[32m[Pascal][0m Total time 0.002700328826904297
[32m[Pascal][0m Cores: 2 Input: 2 
[32m[Pascal][0m Total time 0.0026912689208984375
[32m[Pascal][0m Cores: 2 Input: 3 
[32m[Pascal][0m Total time 0.0028030872344970703
[32m[Pascal][0m Cores: 2 Input: 4 
[32m[Pascal][0m Total time 0.0027570724487304688
[32m[Pascal][0m Cores: 2 Input: 5 
[32m[Pascal][0m Total time 0.0027954578399658203
[32m[Pascal][0m Cores: 2 Input: 6 
[32m[Pascal][0m Total time 0.0028345584869384766
[32m[Pascal][0m Cores: 2 Input: 7 
[32m[Pascal][0m Total time 0.002935647964477539
[32m[Pascal][0m Cores: 1 Input: 0 
[32m[Pascal][0m Total time 0.002877950668334961
[32m[Pascal][0m Cores: 1 Input: 1 
[32m[Pascal][0m Total time 0.0028111934661865234
[32m[Pascal][0m Cores: 1 Input: 2 
[32m[Pascal][0m Total time 0.002851247787475586
[32m[Pascal][0m Cores: 1 Input: 3 
[32m[Pascal][0m Total time 0.002765178680419922
[32m[Pascal][0m Cores: 1 Input: 4 
[32m[Pascal][0m Total time 0.0027413368225097656
[32m[Pascal][0m Cores: 1 Input: 5 
[32m[Pascal][0m Total time 0.0027365684509277344
[32m[Pascal][0m Cores: 1 Input: 6 
[32m[Pascal][0m Total time 0.0028777122497558594
[32m[Pascal][0m Cores: 1 Input: 7 
[32m[Pascal][0m Total time 0.002975940704345703
[32m[Pascal][0m ***** Done! *****
[32m[Pascal][0m Saving data
