[32m[Pascal][0m Running with ['cores', 'input', 'repetitions']
[32m[Pascal][0m Cores: 128 Input: 0 
[32m[Pascal][0m Total time 0.006387472152709961
[32m[Pascal][0m Cores: 128 Input: 1 
[32m[Pascal][0m Total time 0.0030059814453125
[32m[Pascal][0m Cores: 128 Input: 2 
[32m[Pascal][0m Total time 0.0035347938537597656
[32m[Pascal][0m Cores: 128 Input: 3 
[32m[Pascal][0m Total time 0.0029916763305664062
[32m[Pascal][0m Cores: 128 Input: 4 
[32m[Pascal][0m Total time 0.003396749496459961
[32m[Pascal][0m Cores: 128 Input: 5 
[32m[Pascal][0m Total time 0.0028934478759765625
[32m[Pascal][0m Cores: 128 Input: 6 
[32m[Pascal][0m Total time 0.0031621456146240234
[32m[Pascal][0m Cores: 128 Input: 7 
[32m[Pascal][0m Total time 0.0030770301818847656
[32m[Pascal][0m Cores: 64 Input: 0 
[32m[Pascal][0m Total time 0.003172159194946289
[32m[Pascal][0m Cores: 64 Input: 1 
[32m[Pascal][0m Total time 0.002994060516357422
[32m[Pascal][0m Cores: 64 Input: 2 
[32m[Pascal][0m Total time 0.003167390823364258
[32m[Pascal][0m Cores: 64 Input: 3 
[32m[Pascal][0m Total time 0.0031020641326904297
[32m[Pascal][0m Cores: 64 Input: 4 
[32m[Pascal][0m Total time 0.003091573715209961
[32m[Pascal][0m Cores: 64 Input: 5 
[32m[Pascal][0m Total time 0.0030777454376220703
[32m[Pascal][0m Cores: 64 Input: 6 
[32m[Pascal][0m Total time 0.003142833709716797
[32m[Pascal][0m Cores: 64 Input: 7 
[32m[Pascal][0m Total time 0.003065347671508789
[32m[Pascal][0m Cores: 32 Input: 0 
[32m[Pascal][0m Total time 0.0031096935272216797
[32m[Pascal][0m Cores: 32 Input: 1 
[32m[Pascal][0m Total time 0.003134012222290039
[32m[Pascal][0m Cores: 32 Input: 2 
[32m[Pascal][0m Total time 0.003143787384033203
[32m[Pascal][0m Cores: 32 Input: 3 
[32m[Pascal][0m Total time 0.0032448768615722656
[32m[Pascal][0m Cores: 32 Input: 4 
[32m[Pascal][0m Total time 0.0032699108123779297
[32m[Pascal][0m Cores: 32 Input: 5 
[32m[Pascal][0m Total time 0.003089427947998047
[32m[Pascal][0m Cores: 32 Input: 6 
[32m[Pascal][0m Total time 0.003227710723876953
[32m[Pascal][0m Cores: 32 Input: 7 
[32m[Pascal][0m Total time 0.0029382705688476562
[32m[Pascal][0m Cores: 16 Input: 0 
[32m[Pascal][0m Total time 0.0030517578125
[32m[Pascal][0m Cores: 16 Input: 1 
[32m[Pascal][0m Total time 0.003073453903198242
[32m[Pascal][0m Cores: 16 Input: 2 
[32m[Pascal][0m Total time 0.0030138492584228516
[32m[Pascal][0m Cores: 16 Input: 3 
[32m[Pascal][0m Total time 0.002841472625732422
[32m[Pascal][0m Cores: 16 Input: 4 
[32m[Pascal][0m Total time 0.0030188560485839844
[32m[Pascal][0m Cores: 16 Input: 5 
[32m[Pascal][0m Total time 0.003175497055053711
[32m[Pascal][0m Cores: 16 Input: 6 
[32m[Pascal][0m Total time 0.0033180713653564453
[32m[Pascal][0m Cores: 16 Input: 7 
[32m[Pascal][0m Total time 0.003043651580810547
[32m[Pascal][0m Cores: 8 Input: 0 
[32m[Pascal][0m Total time 0.003037691116333008
[32m[Pascal][0m Cores: 8 Input: 1 
[32m[Pascal][0m Total time 0.0031175613403320312
[32m[Pascal][0m Cores: 8 Input: 2 
[32m[Pascal][0m Total time 0.0030531883239746094
[32m[Pascal][0m Cores: 8 Input: 3 
[32m[Pascal][0m Total time 0.002970457077026367
[32m[Pascal][0m Cores: 8 Input: 4 
[32m[Pascal][0m Total time 0.003093242645263672
[32m[Pascal][0m Cores: 8 Input: 5 
[32m[Pascal][0m Total time 0.003000020980834961
[32m[Pascal][0m Cores: 8 Input: 6 
[32m[Pascal][0m Total time 0.0030930042266845703
[32m[Pascal][0m Cores: 8 Input: 7 
[32m[Pascal][0m Total time 0.0032575130462646484
[32m[Pascal][0m Cores: 4 Input: 0 
[32m[Pascal][0m Total time 0.0033102035522460938
[32m[Pascal][0m Cores: 4 Input: 1 
[32m[Pascal][0m Total time 0.003274202346801758
[32m[Pascal][0m Cores: 4 Input: 2 
[32m[Pascal][0m Total time 0.0032083988189697266
[32m[Pascal][0m Cores: 4 Input: 3 
[32m[Pascal][0m Total time 0.0028994083404541016
[32m[Pascal][0m Cores: 4 Input: 4 
[32m[Pascal][0m Total time 0.0031898021697998047
[32m[Pascal][0m Cores: 4 Input: 5 
[32m[Pascal][0m Total time 0.0030829906463623047
[32m[Pascal][0m Cores: 4 Input: 6 
[32m[Pascal][0m Total time 0.0031952857971191406
[32m[Pascal][0m Cores: 4 Input: 7 
[32m[Pascal][0m Total time 0.0028448104858398438
[32m[Pascal][0m Cores: 2 Input: 0 
[32m[Pascal][0m Total time 0.0030727386474609375
[32m[Pascal][0m Cores: 2 Input: 1 
[32m[Pascal][0m Total time 0.003078460693359375
[32m[Pascal][0m Cores: 2 Input: 2 
[32m[Pascal][0m Total time 0.003123044967651367
[32m[Pascal][0m Cores: 2 Input: 3 
[32m[Pascal][0m Total time 0.0029022693634033203
[32m[Pascal][0m Cores: 2 Input: 4 
[32m[Pascal][0m Total time 0.0031774044036865234
[32m[Pascal][0m Cores: 2 Input: 5 
[32m[Pascal][0m Total time 0.0029904842376708984
[32m[Pascal][0m Cores: 2 Input: 6 
[32m[Pascal][0m Total time 0.0030498504638671875
[32m[Pascal][0m Cores: 2 Input: 7 
[32m[Pascal][0m Total time 0.0030312538146972656
[32m[Pascal][0m Cores: 1 Input: 0 
[32m[Pascal][0m Total time 0.003045797348022461
[32m[Pascal][0m Cores: 1 Input: 1 
[32m[Pascal][0m Total time 0.0031960010528564453
[32m[Pascal][0m Cores: 1 Input: 2 
[32m[Pascal][0m Total time 0.0030858516693115234
[32m[Pascal][0m Cores: 1 Input: 3 
[32m[Pascal][0m Total time 0.0032041072845458984
[32m[Pascal][0m Cores: 1 Input: 4 
[32m[Pascal][0m Total time 0.0031957626342773438
[32m[Pascal][0m Cores: 1 Input: 5 
[32m[Pascal][0m Total time 0.0031626224517822266
[32m[Pascal][0m Cores: 1 Input: 6 
[32m[Pascal][0m Total time 0.003164529800415039
[32m[Pascal][0m Cores: 1 Input: 7 
[32m[Pascal][0m Total time 0.0031385421752929688
[32m[Pascal][0m ***** Done! *****
[32m[Pascal][0m Saving data
